<?xml version="1.0" encoding="UTF-8"?>
<!-- Generated by org.testng.reporters.JUnitXMLReporter -->
<testsuite ignored="0" hostname="DESKTOP-96PLIVG" failures="0" tests="3" name="Test" time="52.877" errors="0" timestamp="2020-12-01T00:04:58 BDT">
  <testcase classname="Activity.AllPlanningPageUI" name="testLogin" time="20.076"/>
  <testcase classname="Activity.AllPlanningPageUI" name="testPlanningPage" time="16.725"/>
  <testcase classname="Activity.AllPlanningPageUI" name="testNewPlanningPage" time="6.414"/>
</testsuite> <!-- Test -->
